0 info it worked if it ends with ok
1 verbose cli [ 'node', '/usr/local/bin/npm', 'i' ]
2 info using npm@2.11.3
3 info using node@v0.12.7
4 verbose readDependencies loading dependencies from /Users/komarichev/test/hw_js_17_18/package.json
5 warn package.json less18@1.0.0 No description
6 warn package.json less18@1.0.0 No repository field.
7 warn package.json Dependency 'grunt' exists in both dependencies and devDependencies, using 'grunt@^1.0.1' from dependencies
8 verbose install where, deps [ '/Users/komarichev/test/hw_js_17_18',
8 verbose install   [ 'grunt',
8 verbose install     'bower',
8 verbose install     'browser-sync',
8 verbose install     'del',
8 verbose install     'grunt-contrib-concat',
8 verbose install     'grunt-contrib-uglify',
8 verbose install     'gulp',
8 verbose install     'gulp-concat',
8 verbose install     'gulp-cssnano',
8 verbose install     'gulp-rename',
8 verbose install     'gulp-sass',
8 verbose install     'gulp-uglifyjs' ] ]
9 verbose install where, peers [ '/Users/komarichev/test/hw_js_17_18', [] ]
10 verbose installManyTop reading for lifecycle /Users/komarichev/test/hw_js_17_18/package.json
11 info preinstall less18@1.0.0
12 verbose installManyTop reading scoped package data from /Users/komarichev/test/hw_js_17_18/node_modules/bower/package.json
13 verbose installManyTop reading scoped package data from /Users/komarichev/test/hw_js_17_18/node_modules/browser-sync/package.json
14 verbose installManyTop reading scoped package data from /Users/komarichev/test/hw_js_17_18/node_modules/csso/package.json
15 verbose installManyTop reading scoped package data from /Users/komarichev/test/hw_js_17_18/node_modules/del/package.json
16 verbose installManyTop reading scoped package data from /Users/komarichev/test/hw_js_17_18/node_modules/grunt/package.json
17 verbose installManyTop reading scoped package data from /Users/komarichev/test/hw_js_17_18/node_modules/grunt-concat-css/package.json
18 verbose installManyTop reading scoped package data from /Users/komarichev/test/hw_js_17_18/node_modules/grunt-contrib-concat/package.json
19 verbose installManyTop reading scoped package data from /Users/komarichev/test/hw_js_17_18/node_modules/grunt-contrib-sass/package.json
20 verbose installManyTop reading scoped package data from /Users/komarichev/test/hw_js_17_18/node_modules/grunt-contrib-uglify/package.json
21 verbose installManyTop reading scoped package data from /Users/komarichev/test/hw_js_17_18/node_modules/gulp/package.json
22 verbose installManyTop reading scoped package data from /Users/komarichev/test/hw_js_17_18/node_modules/gulp-concat/package.json
23 verbose installManyTop reading scoped package data from /Users/komarichev/test/hw_js_17_18/node_modules/gulp-cssnano/package.json
24 verbose installManyTop reading scoped package data from /Users/komarichev/test/hw_js_17_18/node_modules/gulp-rename/package.json
25 verbose installManyTop reading scoped package data from /Users/komarichev/test/hw_js_17_18/node_modules/gulp-sass/package.json
26 verbose installManyTop reading scoped package data from /Users/komarichev/test/hw_js_17_18/node_modules/gulp-uglifyjs/package.json
27 info package.json grunt-concat-css@0.3.1 No license field.
28 info package.json gulp-rename@1.2.2 No license field.
29 verbose readDependencies loading dependencies from /Users/komarichev/test/hw_js_17_18/package.json
30 verbose targetResolver reading package data from /Users/komarichev/test/hw_js_17_18/node_modules/bower/package.json
31 verbose targetResolver reading package data from /Users/komarichev/test/hw_js_17_18/node_modules/browser-sync/package.json
32 verbose targetResolver reading package data from /Users/komarichev/test/hw_js_17_18/node_modules/csso/package.json
33 verbose targetResolver reading package data from /Users/komarichev/test/hw_js_17_18/node_modules/del/package.json
34 verbose targetResolver reading package data from /Users/komarichev/test/hw_js_17_18/node_modules/grunt/package.json
35 verbose targetResolver reading package data from /Users/komarichev/test/hw_js_17_18/node_modules/grunt-concat-css/package.json
36 verbose targetResolver reading package data from /Users/komarichev/test/hw_js_17_18/node_modules/grunt-contrib-concat/package.json
37 verbose targetResolver reading package data from /Users/komarichev/test/hw_js_17_18/node_modules/grunt-contrib-sass/package.json
38 verbose targetResolver reading package data from /Users/komarichev/test/hw_js_17_18/node_modules/grunt-contrib-uglify/package.json
39 verbose targetResolver reading package data from /Users/komarichev/test/hw_js_17_18/node_modules/gulp/package.json
40 verbose targetResolver reading package data from /Users/komarichev/test/hw_js_17_18/node_modules/gulp-concat/package.json
41 verbose targetResolver reading package data from /Users/komarichev/test/hw_js_17_18/node_modules/gulp-cssnano/package.json
42 verbose targetResolver reading package data from /Users/komarichev/test/hw_js_17_18/node_modules/gulp-rename/package.json
43 verbose targetResolver reading package data from /Users/komarichev/test/hw_js_17_18/node_modules/gulp-sass/package.json
44 verbose targetResolver reading package data from /Users/komarichev/test/hw_js_17_18/node_modules/gulp-uglifyjs/package.json
45 verbose targetResolver reading package data from /Users/komarichev/test/hw_js_17_18/node_modules/.bin/bower/package.json
46 verbose targetResolver reading package data from /Users/komarichev/test/hw_js_17_18/node_modules/.bin/browser-sync/package.json
47 verbose targetResolver reading package data from /Users/komarichev/test/hw_js_17_18/node_modules/.bin/csso/package.json
48 verbose targetResolver reading package data from /Users/komarichev/test/hw_js_17_18/node_modules/.bin/grunt/package.json
49 verbose targetResolver reading package data from /Users/komarichev/test/hw_js_17_18/node_modules/.bin/gulp/package.json
50 verbose already installed skipping gulp-cssnano@^2.1.2 /Users/komarichev/test/hw_js_17_18
51 verbose already installed skipping gulp-rename@^1.2.2 /Users/komarichev/test/hw_js_17_18
52 verbose already installed skipping gulp-sass@^2.3.2 /Users/komarichev/test/hw_js_17_18
53 verbose already installed skipping gulp-uglifyjs@^0.6.2 /Users/komarichev/test/hw_js_17_18
54 verbose already installed skipping grunt@^1.0.1 /Users/komarichev/test/hw_js_17_18
55 verbose already installed skipping bower@^1.7.9 /Users/komarichev/test/hw_js_17_18
56 verbose already installed skipping browser-sync@^2.17.2 /Users/komarichev/test/hw_js_17_18
57 verbose already installed skipping del@^2.2.2 /Users/komarichev/test/hw_js_17_18
58 verbose already installed skipping grunt-contrib-concat@^1.0.1 /Users/komarichev/test/hw_js_17_18
59 verbose already installed skipping grunt-contrib-uglify@^2.0.0 /Users/komarichev/test/hw_js_17_18
60 verbose already installed skipping gulp@^3.9.1 /Users/komarichev/test/hw_js_17_18
61 verbose already installed skipping gulp-concat@^2.6.0 /Users/komarichev/test/hw_js_17_18
62 silly install resolved []
63 info build /Users/komarichev/test/hw_js_17_18
64 info linkStuff less18@1.0.0
65 silly linkStuff less18@1.0.0 has /Users/komarichev/test as its parent node_modules
66 verbose linkBins less18@1.0.0
67 verbose linkMans less18@1.0.0
68 verbose rebuildBundles less18@1.0.0
69 verbose rebuildBundles [ '.bin',
69 verbose rebuildBundles   'bower',
69 verbose rebuildBundles   'browser-sync',
69 verbose rebuildBundles   'csso',
69 verbose rebuildBundles   'del',
69 verbose rebuildBundles   'grunt',
69 verbose rebuildBundles   'grunt-concat-css',
69 verbose rebuildBundles   'grunt-contrib-concat',
69 verbose rebuildBundles   'grunt-contrib-sass',
69 verbose rebuildBundles   'grunt-contrib-uglify',
69 verbose rebuildBundles   'gulp',
69 verbose rebuildBundles   'gulp-concat',
69 verbose rebuildBundles   'gulp-cssnano',
69 verbose rebuildBundles   'gulp-rename',
69 verbose rebuildBundles   'gulp-sass',
69 verbose rebuildBundles   'gulp-uglifyjs' ]
70 verbose rebuild bundle /Users/komarichev/test/hw_js_17_18/node_modules/csso
71 info build /Users/komarichev/test/hw_js_17_18/node_modules/csso
72 info preinstall csso@2.2.1
73 info linkStuff csso@2.2.1
74 silly linkStuff csso@2.2.1 has /Users/komarichev/test/hw_js_17_18/node_modules as its parent node_modules
75 verbose linkBins csso@2.2.1
76 verbose link bins [ { csso: './bin/csso' },
76 verbose link bins   '/Users/komarichev/test/hw_js_17_18/node_modules/.bin',
76 verbose link bins   false ]
77 verbose linkMans csso@2.2.1
78 verbose rebuildBundles csso@2.2.1
79 verbose rebuildBundles [ 'clap', 'source-map' ]
80 silly gentlyRm /Users/komarichev/test/hw_js_17_18/node_modules/.bin/csso is being purged
81 verbose gentlyRm don't care about contents; nuking /Users/komarichev/test/hw_js_17_18/node_modules/.bin/csso
82 silly vacuum-fs purging /Users/komarichev/test/hw_js_17_18/node_modules/.bin/csso
83 silly vacuum-fs quitting because other entries in /Users/komarichev/test/hw_js_17_18/node_modules/.bin
84 info install csso@2.2.1
85 info postinstall csso@2.2.1
86 verbose rebuild bundle /Users/komarichev/test/hw_js_17_18/node_modules/grunt-concat-css
87 info build /Users/komarichev/test/hw_js_17_18/node_modules/grunt-concat-css
88 info preinstall grunt-concat-css@0.3.1
89 info linkStuff grunt-concat-css@0.3.1
90 silly linkStuff grunt-concat-css@0.3.1 has /Users/komarichev/test/hw_js_17_18/node_modules as its parent node_modules
91 verbose linkBins grunt-concat-css@0.3.1
92 verbose linkMans grunt-concat-css@0.3.1
93 verbose rebuildBundles grunt-concat-css@0.3.1
94 info install grunt-concat-css@0.3.1
95 info postinstall grunt-concat-css@0.3.1
96 verbose rebuild bundle /Users/komarichev/test/hw_js_17_18/node_modules/grunt-contrib-sass
97 info build /Users/komarichev/test/hw_js_17_18/node_modules/grunt-contrib-sass
98 info preinstall grunt-contrib-sass@1.0.0
99 info linkStuff grunt-contrib-sass@1.0.0
100 silly linkStuff grunt-contrib-sass@1.0.0 has /Users/komarichev/test/hw_js_17_18/node_modules as its parent node_modules
101 verbose linkBins grunt-contrib-sass@1.0.0
102 verbose linkMans grunt-contrib-sass@1.0.0
103 verbose rebuildBundles grunt-contrib-sass@1.0.0
104 verbose rebuildBundles [ '.bin', 'async', 'chalk', 'cross-spawn', 'dargs', 'which' ]
105 info install grunt-contrib-sass@1.0.0
106 info postinstall grunt-contrib-sass@1.0.0
107 info install less18@1.0.0
108 info postinstall less18@1.0.0
109 info prepublish less18@1.0.0
110 verbose validateInstall loading /Users/komarichev/test/hw_js_17_18/package.json for validation
111 verbose stack Error: The package grunt does not satisfy its siblings' peerDependencies requirements!
111 verbose stack     at /usr/local/lib/node_modules/npm/lib/install.js:125:32
111 verbose stack     at /usr/local/lib/node_modules/npm/lib/install.js:267:7
111 verbose stack     at /usr/local/lib/node_modules/npm/node_modules/read-installed/read-installed.js:138:5
111 verbose stack     at /usr/local/lib/node_modules/npm/node_modules/read-installed/read-installed.js:251:14
111 verbose stack     at cb (/usr/local/lib/node_modules/npm/node_modules/slide/lib/async-map.js:47:24)
111 verbose stack     at /usr/local/lib/node_modules/npm/node_modules/read-installed/read-installed.js:251:14
111 verbose stack     at cb (/usr/local/lib/node_modules/npm/node_modules/slide/lib/async-map.js:47:24)
111 verbose stack     at /usr/local/lib/node_modules/npm/node_modules/read-installed/read-installed.js:251:14
111 verbose stack     at cb (/usr/local/lib/node_modules/npm/node_modules/slide/lib/async-map.js:47:24)
111 verbose stack     at /usr/local/lib/node_modules/npm/node_modules/read-installed/read-installed.js:251:14
112 verbose cwd /Users/komarichev/test/hw_js_17_18
113 error Darwin 14.5.0
114 error argv "node" "/usr/local/bin/npm" "i"
115 error node v0.12.7
116 error npm  v2.11.3
117 error code EPEERINVALID
118 error peerinvalid The package grunt does not satisfy its siblings' peerDependencies requirements!
118 error peerinvalid Peer grunt-concat-css@0.3.1 wants grunt@~0.4.1
118 error peerinvalid Peer grunt-contrib-concat@1.0.1 wants grunt@>=0.4.0
118 error peerinvalid Peer grunt-contrib-sass@1.0.0 wants grunt@>=0.4.0
119 verbose exit [ 1, true ]
